<?xml version="1.0" encoding="UTF-8"?>
<testng-results ignored="0" total="1" passed="1" failed="0" skipped="0">
  <reporter-output>
  </reporter-output>
  <suite started-at="2025-04-15T11:06:09 GMT+04:00" name="Default suite" finished-at="2025-04-15T11:07:00 GMT+04:00" duration-ms="50808">
    <groups>
    </groups>
    <test started-at="2025-04-15T11:06:09 GMT+04:00" name="Default test" finished-at="2025-04-15T11:07:00 GMT+04:00" duration-ms="50808">
      <class name="com.mvn.General_Store">
        <test-method is-config="true" signature="before()[pri:0, instance:com.mvn.General_Store@26794848]" started-at="2025-04-15T11:06:09 GMT+04:00" name="before" finished-at="2025-04-15T11:06:25 GMT+04:00" duration-ms="15887" status="PASS">
          <reporter-output>
          </reporter-output>
        </test-method> <!-- before -->
        <test-method signature="name()[pri:0, instance:com.mvn.General_Store@26794848]" started-at="2025-04-15T11:06:25 GMT+04:00" name="name" finished-at="2025-04-15T11:06:57 GMT+04:00" duration-ms="31952" status="PASS">
          <reporter-output>
          </reporter-output>
        </test-method> <!-- name -->
        <test-method is-config="true" signature="after()[pri:0, instance:com.mvn.General_Store@26794848]" started-at="2025-04-15T11:06:57 GMT+04:00" name="after" finished-at="2025-04-15T11:07:00 GMT+04:00" duration-ms="2734" status="PASS">
          <reporter-output>
          </reporter-output>
        </test-method> <!-- after -->
      </class> <!-- com.mvn.General_Store -->
    </test> <!-- Default test -->
  </suite> <!-- Default suite -->
</testng-results>
